[W 2024-04-10 14:27:24,072 minium page#562 _get_elements_by_css] Could not found any element 'refresh-group' you need
[W 2024-04-10 14:27:24,333 minium page#562 _get_elements_by_css] Could not found any element 'refresh-group' you need
[W 2024-04-10 14:27:24,592 minium page#562 _get_elements_by_css] Could not found any element 'refresh-group' you need
[W 2024-04-10 14:27:24,857 minium page#562 _get_elements_by_css] Could not found any element 'refresh-group' you need
[W 2024-04-10 14:27:26,109 minium page#562 _get_elements_by_css] Could not found any element 'refresh-group' you need
[W 2024-04-10 14:27:26,366 minium page#562 _get_elements_by_css] Could not found any element 'refresh-group' you need
[W 2024-04-10 14:27:26,651 minium page#562 _get_elements_by_css] Could not found any element 'refresh-group' you need
[W 2024-04-10 14:27:26,908 minium page#562 _get_elements_by_css] Could not found any element 'refresh-group' you need
[W 2024-04-10 14:27:27,163 minium page#562 _get_elements_by_css] Could not found any element 'refresh-group' you need
[W 2024-04-10 14:27:27,422 minium page#562 _get_elements_by_css] Could not found any element 'refresh-group' you need
[W 2024-04-10 14:27:27,694 minium page#562 _get_elements_by_css] Could not found any element 'refresh-group' you need
[W 2024-04-10 14:27:27,957 minium page#562 _get_elements_by_css] Could not found any element 'refresh-group' you need
[W 2024-04-10 14:27:28,222 minium page#562 _get_elements_by_css] Could not found any element 'refresh-group' you need
[W 2024-04-10 14:27:28,492 minium page#562 _get_elements_by_css] Could not found any element 'refresh-group' you need
[W 2024-04-10 14:27:28,756 minium page#562 _get_elements_by_css] Could not found any element 'refresh-group' you need
[W 2024-04-10 14:27:29,016 minium page#562 _get_elements_by_css] Could not found any element 'refresh-group' you need
[W 2024-04-10 14:27:29,274 minium page#562 _get_elements_by_css] Could not found any element 'refresh-group' you need
[W 2024-04-10 14:27:29,527 minium page#562 _get_elements_by_css] Could not found any element 'refresh-group' you need
[W 2024-04-10 14:27:30,782 minium page#562 _get_elements_by_css] Could not found any element 'refresh-group' you need
[W 2024-04-10 14:27:32,033 minium page#562 _get_elements_by_css] Could not found any element 'refresh-group' you need
[W 2024-04-10 14:27:32,297 minium page#562 _get_elements_by_css] Could not found any element 'refresh-group' you need
[W 2024-04-10 14:27:32,563 minium page#562 _get_elements_by_css] Could not found any element 'refresh-group' you need
[W 2024-04-10 14:27:32,822 minium page#562 _get_elements_by_css] Could not found any element 'refresh-group' you need
[W 2024-04-10 14:27:34,084 minium page#562 _get_elements_by_css] Could not found any element 'refresh-group' you need
[E 2024-04-10 14:27:34,532 minium assertbase#349 _get_stack_info] <bound method Component.test_ui_op of <test.Component testMethod=test_ui_op>>
Traceback (most recent call last):
  File "C:\Users\10260\AppData\Local\Programs\Python\Python38\lib\site-packages\minium\framework\libs\unittest\case.py", line 265, in testPartExecutor
    yield
  File "C:\Users\10260\AppData\Local\Programs\Python\Python38\lib\site-packages\minium\framework\libs\unittest\case.py", line 350, in run
    self._callTestMethod(testMethod)
  File "C:\Users\10260\AppData\Local\Programs\Python\Python38\lib\unittest\case.py", line 633, in _callTestMethod
    method()
  File "C:\Users\10260\PycharmProjects\soft-test-main\miniuim_test\test\test_case\test.py", line 41, in test_ui_op
    self.assertTrue(ret, "wait success")
  File "C:\Users\10260\AppData\Local\Programs\Python\Python38\lib\site-packages\minium\framework\assertbase.py", line 57, in hook_assert
    return src(self, *args, **kwargs)
  File "C:\Users\10260\AppData\Local\Programs\Python\Python38\lib\unittest\case.py", line 765, in assertTrue
    raise self.failureException(msg)
AssertionError: False is not true : wait success
[W 2024-04-10 14:27:34,536 minium assertbase#331 _log_info_when_error] config: {'debug': False, 'base_dir': 'C:\\Users\\10260\\PycharmProjects\\soft-test-main\\miniuim_test\\test\\test_case', 'platform': 'ide', 'app': 'wx', 'debug_mode': 'warn', 'close_ide': False, 'auto_capture': 'auto', 'check_mp_foreground': True, 'auto_relaunch': True, 'device_desire': {}, 'account_info': {}, 'report_usage': True, 'remote_connect_timeout': 300, 'request_timeout': 60, 'use_push': True, 'full_reset': False, 'outputs': 'C:\\Users\\10260\\PycharmProjects\\soft-test-main\\miniuim_test\\test\\test_case\\outputs', 'enable_app_log': False, 'enable_network_panel': False, 'project_path': 'C:/Users/10260/Desktop/小程序源代码/dist/dist/build/mp-weixin', 'dev_tool_path': 'D:/Program Files (x86)/Tencent/微信web开发者工具/cli.bat', 'test_port': 9420, 'mock_native_modal': {}, 'mock_request': [], 'auto_authorize': False, 'audits': None, 'teardown_snapshot': False, 'mock_images_dir': '', 'mock_images': {}, 'need_perf': False, 'appid': None, 'assert_capture': False, 'framework_capture': True, 'error_capture': False, 'create_time': '20240410142716', 'case_output': 'C:\\Users\\10260\\PycharmProjects\\soft-test-main\\miniuim_test\\test\\test_case\\outputs\\20240410142716\\test_ui_op\\20240410142718972040'}
[W 2024-04-10 14:27:34,536 minium assertbase#332 _log_info_when_error] build info: {'version': '1.4.6', 'revision': 'b389ff4b1d94cc73bb5363fc602f5823512df292', 'branch': 'master', 'update_at': '2023-08-28 17:46:51'}
[W 2024-04-10 14:27:34,536 minium minitest#828 _log_info_when_error] native: <minium.native.wx_native.idenative.IdeNative object at 0x000001DA6833C0A0>
