[W 2024-04-10 14:16:32,651 minium app#497 screen_shot] 截图指令响应失败, 可能因为开发者工具不在前台导致
[W 2024-04-10 14:16:32,651 minium minitest#728 capture] C:\Users\10260\PycharmProjects\soft-test-main\miniuim_test\test\test_case\outputs\20240410141530\test_ui_op\20240410141532612468\images\setup.png not exists
[W 2024-04-10 14:16:34,894 minium page#562 _get_elements_by_css] Could not found any element '.refresh-group' you need
[W 2024-04-10 14:16:36,150 minium page#562 _get_elements_by_css] Could not found any element '.refresh-group' you need
[W 2024-04-10 14:16:37,404 minium page#562 _get_elements_by_css] Could not found any element '.refresh-group' you need
[W 2024-04-10 14:16:38,661 minium page#562 _get_elements_by_css] Could not found any element '.refresh-group' you need
[W 2024-04-10 14:16:39,918 minium page#562 _get_elements_by_css] Could not found any element '.refresh-group' you need
[W 2024-04-10 14:16:41,179 minium page#562 _get_elements_by_css] Could not found any element '.refresh-group' you need
[W 2024-04-10 14:16:42,434 minium page#562 _get_elements_by_css] Could not found any element '.refresh-group' you need
[W 2024-04-10 14:16:43,689 minium page#562 _get_elements_by_css] Could not found any element '.refresh-group' you need
[W 2024-04-10 14:16:46,026 minium app#497 screen_shot] 截图指令响应失败, 可能因为开发者工具不在前台导致
[W 2024-04-10 14:16:46,026 minium minitest#728 capture] C:\Users\10260\PycharmProjects\soft-test-main\miniuim_test\test\test_case\outputs\20240410141530\test_ui_op\20240410141532612468\images\teardown.png not exists
[E 2024-04-10 14:16:46,057 minium assertbase#349 _get_stack_info] <bound method Component.test_ui_op of <test.Component testMethod=test_ui_op>>
Traceback (most recent call last):
  File "C:\Users\10260\AppData\Local\Programs\Python\Python38\lib\site-packages\minium\framework\libs\unittest\case.py", line 265, in testPartExecutor
    yield
  File "C:\Users\10260\AppData\Local\Programs\Python\Python38\lib\site-packages\minium\framework\libs\unittest\case.py", line 350, in run
    self._callTestMethod(testMethod)
  File "C:\Users\10260\AppData\Local\Programs\Python\Python38\lib\unittest\case.py", line 633, in _callTestMethod
    method()
  File "C:\Users\10260\PycharmProjects\soft-test-main\miniuim_test\test\test_case\test.py", line 41, in test_ui_op
    self.assertTrue(ret, "wait success")
  File "C:\Users\10260\AppData\Local\Programs\Python\Python38\lib\site-packages\minium\framework\assertbase.py", line 57, in hook_assert
    return src(self, *args, **kwargs)
  File "C:\Users\10260\AppData\Local\Programs\Python\Python38\lib\unittest\case.py", line 765, in assertTrue
    raise self.failureException(msg)
AssertionError: False is not true : wait success
[W 2024-04-10 14:16:46,057 minium assertbase#331 _log_info_when_error] config: {'debug': False, 'base_dir': 'C:\\Users\\10260\\PycharmProjects\\soft-test-main\\miniuim_test\\test\\test_case', 'platform': 'ide', 'app': 'wx', 'debug_mode': 'warn', 'close_ide': False, 'auto_capture': 'auto', 'check_mp_foreground': True, 'auto_relaunch': True, 'device_desire': {}, 'account_info': {}, 'report_usage': True, 'remote_connect_timeout': 300, 'request_timeout': 60, 'use_push': True, 'full_reset': False, 'outputs': 'C:\\Users\\10260\\PycharmProjects\\soft-test-main\\miniuim_test\\test\\test_case\\outputs', 'enable_app_log': False, 'enable_network_panel': False, 'project_path': 'C:/Users/10260/Desktop/小程序源代码/dist/dist/build/mp-weixin', 'dev_tool_path': 'D:/Program Files (x86)/Tencent/微信web开发者工具/cli.bat', 'test_port': 9420, 'mock_native_modal': {}, 'mock_request': [], 'auto_authorize': False, 'audits': None, 'teardown_snapshot': False, 'mock_images_dir': '', 'mock_images': {}, 'need_perf': False, 'appid': None, 'assert_capture': False, 'framework_capture': True, 'error_capture': False, 'create_time': '20240410141530', 'case_output': 'C:\\Users\\10260\\PycharmProjects\\soft-test-main\\miniuim_test\\test\\test_case\\outputs\\20240410141530\\test_ui_op\\20240410141532612468'}
[W 2024-04-10 14:16:46,057 minium assertbase#332 _log_info_when_error] build info: {'version': '1.4.6', 'revision': 'b389ff4b1d94cc73bb5363fc602f5823512df292', 'branch': 'master', 'update_at': '2023-08-28 17:46:51'}
[W 2024-04-10 14:16:46,057 minium minitest#828 _log_info_when_error] native: <minium.native.wx_native.idenative.IdeNative object at 0x000001EBD3A2C0A0>
